\BOOKMARK [1][-]{section.1}{\376\377\000S\000o\000r\000t\000i\000n\000g\000\040\000a\000n\000d\000\040\000S\000e\000a\000r\000c\000h\000i\000n\000g}{}% 1
\BOOKMARK [2][-]{subsection.1.1}{\376\377\0004\000S\000U\000M}{section.1}% 2
\BOOKMARK [1][-]{section.2}{\376\377\000D\000y\000n\000a\000m\000i\000c\000\040\000P\000r\000o\000g\000r\000a\000m\000m\000i\000n\000g}{}% 3
\BOOKMARK [2][-]{subsection.2.1}{\376\377\000S\000t\000a\000t\000e\000\040\000r\000e\000p\000r\000e\000s\000e\000n\000a\000t\000i\000o\000n}{section.2}% 4
\BOOKMARK [3][-]{subsubsection.2.1.1}{\376\377\000A\000l\000l\000\040\000s\000u\000b\000s\000e\000t\000s}{subsection.2.1}% 5
\BOOKMARK [3][-]{subsubsection.2.1.2}{\376\377\000P\000e\000r\000m\000u\000t\000a\000t\000i\000o\000n\000s\000\040\000t\000o\000\040\000S\000u\000b\000s\000e\000t\000s}{subsection.2.1}% 6
\BOOKMARK [1][-]{section.3}{\376\377\000G\000r\000a\000p\000h\000\040\000A\000l\000g\000o\000r\000i\000t\000h\000m\000s}{}% 7
\BOOKMARK [2][-]{subsection.3.1}{\376\377\000U\000n\000i\000o\000n\000\040\000F\000i\000n\000d}{section.3}% 8
\BOOKMARK [2][-]{subsection.3.2}{\376\377\000P\000a\000t\000h\000\040\000t\000h\000r\000o\000u\000g\000h\000\040\000a\000l\000l\000\040\000e\000d\000g\000e\000s}{section.3}% 9
\BOOKMARK [2][-]{subsection.3.3}{\376\377\000F\000l\000o\000w\000s\000\040\000a\000n\000d\000\040\000C\000u\000t\000s}{section.3}% 10
\BOOKMARK [3][-]{subsubsection.3.3.1}{\376\377\000M\000a\000x\000i\000m\000u\000m\000\040\000F\000l\000o\000w}{subsection.3.3}% 11
\BOOKMARK [3][-]{subsubsection.3.3.2}{\376\377\000M\000i\000n\000i\000m\000u\000m\000\040\000C\000u\000t}{subsection.3.3}% 12
\BOOKMARK [3][-]{subsubsection.3.3.3}{\376\377\000M\000a\000x\000i\000m\000u\000m\000\040\000M\000a\000t\000c\000h\000i\000n\000g}{subsection.3.3}% 13
\BOOKMARK [2][-]{subsection.3.4}{\376\377\0002\000S\000A\000T}{section.3}% 14
\BOOKMARK [1][-]{section.4}{\376\377\000R\000a\000n\000g\000e\000\040\000Q\000u\000e\000r\000i\000e\000s}{}% 15
\BOOKMARK [2][-]{subsection.4.1}{\376\377\000S\000e\000g\000m\000e\000n\000t\000\040\000t\000r\000e\000e\000s}{section.4}% 16
\BOOKMARK [3][-]{subsubsection.4.1.1}{\376\377\000P\000o\000i\000n\000t\000-\000R\000a\000n\000g\000e\000\040\000T\000r\000e\000e\000s}{subsection.4.1}% 17
\BOOKMARK [3][-]{subsubsection.4.1.2}{\376\377\000R\000a\000n\000g\000e\000-\000R\000a\000n\000g\000e\000\040\000T\000r\000e\000e\000s}{subsection.4.1}% 18
\BOOKMARK [1][-]{section.5}{\376\377\000T\000r\000e\000e\000\040\000A\000l\000g\000o\000r\000i\000t\000h\000m\000s}{}% 19
\BOOKMARK [2][-]{subsection.5.1}{\376\377\000B\000i\000n\000a\000r\000y\000\040\000L\000i\000f\000i\000t\000n\000g}{section.5}% 20
\BOOKMARK [2][-]{subsection.5.2}{\376\377\000T\000r\000e\000e\000\040\000T\000r\000a\000v\000e\000r\000s\000a\000l}{section.5}% 21
\BOOKMARK [2][-]{subsection.5.3}{\376\377\000L\000C\000A}{section.5}% 22
\BOOKMARK [1][-]{section.6}{\376\377\000S\000t\000r\000i\000n\000g\000\040\000A\000l\000g\000o\000r\000i\000t\000h\000m\000s}{}% 23
\BOOKMARK [2][-]{subsection.6.1}{\376\377\000T\000r\000i\000e}{section.6}% 24
\BOOKMARK [2][-]{subsection.6.2}{\376\377\000P\000a\000t\000t\000e\000r\000n\000\040\000F\000i\000n\000d\000i\000n\000g}{section.6}% 25
\BOOKMARK [3][-]{subsubsection.6.2.1}{\376\377\000K\000M\000P}{subsection.6.2}% 26
\BOOKMARK [3][-]{subsubsection.6.2.2}{\376\377\000H\000a\000s\000h\000i\000n\000g}{subsection.6.2}% 27
\BOOKMARK [2][-]{subsection.6.3}{\376\377\000P\000a\000l\000i\000n\000d\000o\000r\000m\000e\000s}{section.6}% 28
\BOOKMARK [1][-]{section.7}{\376\377\000M\000a\000t\000h\000e\000m\000a\000t\000i\000c\000s}{}% 29
\BOOKMARK [2][-]{subsection.7.1}{\376\377\000F\000e\000r\000m\000a\000t\000'\000s\000\040\000T\000h\000e\000o\000r\000e\000m}{section.7}% 30
\BOOKMARK [2][-]{subsection.7.2}{\376\377\000F\000a\000s\000t\000\040\000F\000i\000b\000o\000n\000a\000c\000c\000i}{section.7}% 31
\BOOKMARK [1][-]{section.8}{\376\377\000G\000e\000o\000m\000e\000t\000r\000y}{}% 32
\BOOKMARK [1][-]{section.9}{\376\377\000O\000t\000h\000e\000r\000\040\000A\000l\000g\000o\000r\000i\000t\000h\000m\000s}{}% 33
